<?xml version="1.0" encoding="UTF-8"?>
<!-- Generated by org.testng.reporters.JUnitXMLReporter -->
<testsuite hostname="DESKTOP-DD7HHNG" ignored="0" name="Smoke Tests stage 1" tests="3" failures="1" timestamp="29 Jun 2020 09:56:12 GMT" time="0.02" errors="0">
  <testcase name="clicklogoutButton" time="0.003" classname="com.selenium.testCases.GoogleLogout"/>
  <testcase name="logoutButton" time="0.0" classname="com.selenium.testCases.GoogleLogout"/>
  <testcase name="verifylogoutButton" time="0.0" classname="com.selenium.testCases.GoogleLogout">
    <failure type="java.lang.AssertionError" message="null">
      <![CDATA[java.lang.AssertionError: null
at com.selenium.testCases.GoogleLogout.verifylogoutButton(GoogleLogout.java:23)
... Removed 28 stack frames]]>
    </failure>
  </testcase> <!-- verifylogoutButton -->
</testsuite> <!-- Smoke Tests stage 1 -->
